

============================== 2022-11-21 23:35:55.434518 | b29f70be-51cf-43c6-be15-2dc0ad6ee22c ==============================
[0m23:35:55.434535 [info ] [MainThread]: Running with dbt=1.3.1
[0m23:35:55.435081 [debug] [MainThread]: running dbt with arguments {'write_json': True, 'use_colors': True, 'printer_width': 80, 'version_check': True, 'partial_parse': True, 'static_parser': True, 'profiles_dir': '/Users/piyushdhameja/.dbt', 'send_anonymous_usage_stats': True, 'event_buffer_size': 100000, 'quiet': False, 'no_print': False, 'project_name': 'dbtdemo', 'skip_profile_setup': False, 'which': 'init', 'indirect_selection': 'eager'}
[0m23:35:55.435385 [debug] [MainThread]: Tracking: tracking
[0m23:35:55.451249 [debug] [MainThread]: Sending event: {'category': 'dbt', 'action': 'invocation', 'label': 'start', 'context': [<snowplow_tracker.self_describing_json.SelfDescribingJson object at 0x7ff619db4550>, <snowplow_tracker.self_describing_json.SelfDescribingJson object at 0x7ff619db43d0>, <snowplow_tracker.self_describing_json.SelfDescribingJson object at 0x7ff619db43a0>]}
[0m23:35:55.454905 [debug] [MainThread]: Starter project path: /Applications/python/anaconda3/lib/python3.9/site-packages/dbt/include/starter_project
[0m23:37:42.036502 [info ] [MainThread]: Profile dbtdemo written to /Users/piyushdhameja/.dbt/profiles.yml using target's profile_template.yml and your supplied values. Run 'dbt debug' to validate the connection.
[0m23:37:42.037107 [info ] [MainThread]: 
Your new dbt project "dbtdemo" was created!

For more information on how to configure the profiles.yml file,
please consult the dbt documentation here:

  https://docs.getdbt.com/docs/configure-your-profile

One more thing:

Need help? Don't hesitate to reach out to us via GitHub issues or on Slack:

  https://community.getdbt.com/

Happy modeling!

[0m23:37:42.037791 [debug] [MainThread]: Sending event: {'category': 'dbt', 'action': 'invocation', 'label': 'end', 'context': [<snowplow_tracker.self_describing_json.SelfDescribingJson object at 0x7ff619db99d0>, <snowplow_tracker.self_describing_json.SelfDescribingJson object at 0x7ff619db9070>, <snowplow_tracker.self_describing_json.SelfDescribingJson object at 0x7ff619db9e20>]}
[0m23:37:42.038250 [debug] [MainThread]: Flushing usage events


============================== 2022-11-28 18:43:25.256469 | 07cd79c4-4ee5-4cb8-b6bd-98412b9c56be ==============================
[0m18:43:25.256507 [info ] [MainThread]: Running with dbt=1.3.1
[0m18:43:25.257589 [debug] [MainThread]: running dbt with arguments {'write_json': True, 'use_colors': True, 'printer_width': 80, 'version_check': True, 'partial_parse': True, 'static_parser': True, 'profiles_dir': '/Users/piyushdhameja/.dbt', 'send_anonymous_usage_stats': True, 'event_buffer_size': 100000, 'quiet': False, 'no_print': False, 'config_dir': False, 'which': 'debug', 'indirect_selection': 'eager'}
[0m18:43:25.258226 [debug] [MainThread]: Tracking: tracking
[0m18:43:25.276052 [debug] [MainThread]: Sending event: {'category': 'dbt', 'action': 'invocation', 'label': 'start', 'context': [<snowplow_tracker.self_describing_json.SelfDescribingJson object at 0x7fa26e4f35b0>, <snowplow_tracker.self_describing_json.SelfDescribingJson object at 0x7fa26e4f3430>, <snowplow_tracker.self_describing_json.SelfDescribingJson object at 0x7fa26e4f3370>]}
[0m18:43:26.486995 [debug] [MainThread]: Executing "git --help"
[0m18:43:26.499717 [debug] [MainThread]: STDOUT: "b"usage: git [--version] [--help] [-C <path>] [-c name=value]\n           [--exec-path[=<path>]] [--html-path] [--man-path] [--info-path]\n           [-p | --paginate | --no-pager] [--no-replace-objects] [--bare]\n           [--git-dir=<path>] [--work-tree=<path>] [--namespace=<name>]\n           <command> [<args>]\n\nThese are common Git commands used in various situations:\n\nstart a working area (see also: git help tutorial)\n   clone      Clone a repository into a new directory\n   init       Create an empty Git repository or reinitialize an existing one\n\nwork on the current change (see also: git help everyday)\n   add        Add file contents to the index\n   mv         Move or rename a file, a directory, or a symlink\n   reset      Reset current HEAD to the specified state\n   rm         Remove files from the working tree and from the index\n\nexamine the history and state (see also: git help revisions)\n   bisect     Use binary search to find the commit that introduced a bug\n   grep       Print lines matching a pattern\n   log        Show commit logs\n   show       Show various types of objects\n   status     Show the working tree status\n\ngrow, mark and tweak your common history\n   branch     List, create, or delete branches\n   checkout   Switch branches or restore working tree files\n   commit     Record changes to the repository\n   diff       Show changes between commits, commit and working tree, etc\n   merge      Join two or more development histories together\n   rebase     Reapply commits on top of another base tip\n   tag        Create, list, delete or verify a tag object signed with GPG\n\ncollaborate (see also: git help workflows)\n   fetch      Download objects and refs from another repository\n   pull       Fetch from and integrate with another repository or a local branch\n   push       Update remote refs along with associated objects\n\n'git help -a' and 'git help -g' list available subcommands and some\nconcept guides. See 'git help <command>' or 'git help <concept>'\nto read about a specific subcommand or concept.\n""
[0m18:43:26.500957 [debug] [MainThread]: STDERR: "b''"
[0m18:43:26.501983 [debug] [MainThread]: Sending event: {'category': 'dbt', 'action': 'invocation', 'label': 'end', 'context': [<snowplow_tracker.self_describing_json.SelfDescribingJson object at 0x7fa26e4f8b20>, <snowplow_tracker.self_describing_json.SelfDescribingJson object at 0x7fa271252730>, <snowplow_tracker.self_describing_json.SelfDescribingJson object at 0x7fa271252880>]}
[0m18:43:26.502674 [debug] [MainThread]: Flushing usage events
